<?xml version="1.0" encoding="UTF-8"?>
<testng-results ignored="0" total="2" passed="2" failed="0" skipped="0">
  <reporter-output>
  </reporter-output>
  <suite started-at="2020-02-09T02:42:02 IST" name="Suite" finished-at="2020-02-09T02:44:12 IST" duration-ms="130468">
    <groups>
    </groups>
    <test started-at="2020-02-09T02:42:02 IST" name="Test" finished-at="2020-02-09T02:44:12 IST" duration-ms="130468">
      <class name="com.automation.TestScripts.testCases">
        <test-method is-config="true" signature="openBrowser()[pri:0, instance:com.automation.TestScripts.testCases@68c72235]" started-at="2020-02-09T02:42:02 IST" name="openBrowser" finished-at="2020-02-09T02:42:11 IST" duration-ms="9200" status="PASS">
          <reporter-output>
          </reporter-output>
        </test-method> <!-- openBrowser -->
        <test-method signature="loginToFacebookAndPost()[pri:0, instance:com.automation.TestScripts.testCases@68c72235]" started-at="2020-02-09T02:42:11 IST" name="loginToFacebookAndPost" finished-at="2020-02-09T02:43:17 IST" duration-ms="66416" status="PASS">
          <reporter-output>
          </reporter-output>
        </test-method> <!-- loginToFacebookAndPost -->
        <test-method is-config="true" signature="closeBrowser()[pri:0, instance:com.automation.TestScripts.testCases@68c72235]" started-at="2020-02-09T02:43:17 IST" name="closeBrowser" finished-at="2020-02-09T02:43:19 IST" duration-ms="1502" status="PASS">
          <reporter-output>
          </reporter-output>
        </test-method> <!-- closeBrowser -->
        <test-method is-config="true" signature="openBrowser()[pri:0, instance:com.automation.TestScripts.testCases@68c72235]" started-at="2020-02-09T02:43:19 IST" name="openBrowser" finished-at="2020-02-09T02:43:24 IST" duration-ms="5526" status="PASS">
          <reporter-output>
          </reporter-output>
        </test-method> <!-- openBrowser -->
        <test-method signature="loginToSwagLabsAndAdd2Cart()[pri:1, instance:com.automation.TestScripts.testCases@68c72235]" started-at="2020-02-09T02:43:24 IST" name="loginToSwagLabsAndAdd2Cart" finished-at="2020-02-09T02:44:11 IST" duration-ms="46638" status="PASS">
          <reporter-output>
          </reporter-output>
        </test-method> <!-- loginToSwagLabsAndAdd2Cart -->
        <test-method is-config="true" signature="closeBrowser()[pri:0, instance:com.automation.TestScripts.testCases@68c72235]" started-at="2020-02-09T02:44:11 IST" name="closeBrowser" finished-at="2020-02-09T02:44:12 IST" duration-ms="990" status="PASS">
          <reporter-output>
          </reporter-output>
        </test-method> <!-- closeBrowser -->
      </class> <!-- com.automation.TestScripts.testCases -->
    </test> <!-- Test -->
  </suite> <!-- Suite -->
</testng-results>
