<?xml version="1.0" encoding="UTF-8"?>
<testng-results ignored="0" total="2" passed="2" failed="0" skipped="0">
  <reporter-output>
  </reporter-output>
  <suite started-at="2020-02-05T01:40:22 IST" name="Suite" finished-at="2020-02-05T01:43:42 IST" duration-ms="199744">
    <groups>
    </groups>
    <test started-at="2020-02-05T01:40:22 IST" name="Test" finished-at="2020-02-05T01:43:42 IST" duration-ms="199744">
      <class name="com.automation.TestScripts.testCases">
        <test-method is-config="true" signature="openBrowser()[pri:0, instance:com.automation.TestScripts.testCases@11c9af63]" started-at="2020-02-05T01:40:22 IST" name="openBrowser" finished-at="2020-02-05T01:40:59 IST" duration-ms="36873" status="PASS">
          <reporter-output>
          </reporter-output>
        </test-method> <!-- openBrowser -->
        <test-method signature="loginToFacebookAndPost()[pri:0, instance:com.automation.TestScripts.testCases@11c9af63]" started-at="2020-02-05T01:40:59 IST" name="loginToFacebookAndPost" finished-at="2020-02-05T01:42:33 IST" duration-ms="93525" status="PASS">
          <reporter-output>
          </reporter-output>
        </test-method> <!-- loginToFacebookAndPost -->
        <test-method is-config="true" signature="closeBrowser()[pri:0, instance:com.automation.TestScripts.testCases@11c9af63]" started-at="2020-02-05T01:42:33 IST" name="closeBrowser" finished-at="2020-02-05T01:42:36 IST" duration-ms="3342" status="PASS">
          <reporter-output>
          </reporter-output>
        </test-method> <!-- closeBrowser -->
        <test-method is-config="true" signature="openBrowser()[pri:0, instance:com.automation.TestScripts.testCases@11c9af63]" started-at="2020-02-05T01:42:37 IST" name="openBrowser" finished-at="2020-02-05T01:42:45 IST" duration-ms="8094" status="PASS">
          <reporter-output>
          </reporter-output>
        </test-method> <!-- openBrowser -->
        <test-method signature="loginToSwagLabsAndAdd2Cart()[pri:1, instance:com.automation.TestScripts.testCases@11c9af63]" started-at="2020-02-05T01:42:45 IST" name="loginToSwagLabsAndAdd2Cart" finished-at="2020-02-05T01:43:41 IST" duration-ms="55959" status="PASS">
          <reporter-output>
          </reporter-output>
        </test-method> <!-- loginToSwagLabsAndAdd2Cart -->
        <test-method is-config="true" signature="closeBrowser()[pri:0, instance:com.automation.TestScripts.testCases@11c9af63]" started-at="2020-02-05T01:43:41 IST" name="closeBrowser" finished-at="2020-02-05T01:43:42 IST" duration-ms="1087" status="PASS">
          <reporter-output>
          </reporter-output>
        </test-method> <!-- closeBrowser -->
      </class> <!-- com.automation.TestScripts.testCases -->
    </test> <!-- Test -->
  </suite> <!-- Suite -->
</testng-results>
